Applied settings: 
Namespace(adj_lr=False, adj_lr_patience=2, batch_norm=False, batch_size=100, conv_block_type='normal', cutoff_test=30, cutoff_train=4, dataset='opportunity', dilation=1, drop_prob=0.5, early_stopping=False, epochs=30, es_patience=5, filter_width=5, gpu='cuda:0', include_null=True, logging=True, loss='cross-entropy', lr=0.0001, means_and_stds=False, nb_conv_blocks=2, nb_filters=64, nb_layers_lstm=1, nb_units_lstm=128, network='deepconvlstm', optimizer='adam', plot_gradient=False, pool_kernel_width=2, pool_type='max', pooling=False, pred_type='gestures', print_counts=False, print_freq=100, reduce_layer=False, reduce_layer_output=8, save_preds=False, seed=1, size_sss=0.6, splits_sss=10, sw_length=24.0, sw_overlap=50.0, sw_unit='units', use_weights=False, valid_type='normal', verbose=False, weight_decay=1e-06, weights_init='xavier_normal')
Loading data...
Processing dataset files ...
Final datasets with size: | train (497014, 113) | val (118750, 113) | test (0, 0) | 
 ..from file data/opportunity_data.csv
 ..reading instances: train (497014, 113), val (118750, 113), test (0, 0)
(41416, 24, 113)
Number of Parameters: 
3833682
EPOCH: 1/30 Train Loss: 1.4905 Train Acc: 0.0378 Train Prec: 0.0378 Train Rcll: 0.0556 Train F1: 0.0450 Val Loss: 0.8842 Val Acc: 0.0463 Val Prec: 0.0463 Val Rcll: 0.0556 Val F1: 0.0505
EPOCH: 2/30 Train Loss: 1.3049 Train Acc: 0.0378 Train Prec: 0.0378 Train Rcll: 0.0556 Train F1: 0.0450 Val Loss: 0.7647 Val Acc: 0.0463 Val Prec: 0.0463 Val Rcll: 0.0556 Val F1: 0.0505
EPOCH: 3/30 Train Loss: 0.9495 Train Acc: 0.1176 Train Prec: 0.3670 Train Rcll: 0.1382 Train F1: 0.1674 Val Loss: 0.6361 Val Acc: 0.0763 Val Prec: 0.3053 Val Rcll: 0.0891 Val F1: 0.1041
EPOCH: 4/30 Train Loss: 0.7742 Train Acc: 0.1823 Train Prec: 0.3792 Train Rcll: 0.2112 Train F1: 0.2527 Val Loss: 0.6034 Val Acc: 0.1201 Val Prec: 0.3374 Val Rcll: 0.1375 Val F1: 0.1703
EPOCH: 5/30 Train Loss: 0.6906 Train Acc: 0.2292 Train Prec: 0.5943 Train Rcll: 0.2615 Train F1: 0.3074 Val Loss: 0.5644 Val Acc: 0.1538 Val Prec: 0.4342 Val Rcll: 0.1783 Val F1: 0.2160
EPOCH: 6/30 Train Loss: 0.6305 Train Acc: 0.2709 Train Prec: 0.7941 Train Rcll: 0.3067 Train F1: 0.3564 Val Loss: 0.5364 Val Acc: 0.1766 Val Prec: 0.4263 Val Rcll: 0.2110 Val F1: 0.2441
EPOCH: 7/30 Train Loss: 0.5719 Train Acc: 0.3130 Train Prec: 0.7983 Train Rcll: 0.3503 Train F1: 0.4130 Val Loss: 0.5131 Val Acc: 0.1914 Val Prec: 0.5080 Val Rcll: 0.2368 Val F1: 0.2686
EPOCH: 8/30 Train Loss: 0.5230 Train Acc: 0.3858 Train Prec: 0.8531 Train Rcll: 0.4244 Train F1: 0.5107 Val Loss: 0.4947 Val Acc: 0.2200 Val Prec: 0.5153 Val Rcll: 0.2617 Val F1: 0.3050
EPOCH: 9/30 Train Loss: 0.4822 Train Acc: 0.4031 Train Prec: 0.8455 Train Rcll: 0.4453 Train F1: 0.5290 Val Loss: 0.4814 Val Acc: 0.2429 Val Prec: 0.5042 Val Rcll: 0.2873 Val F1: 0.3320
EPOCH: 10/30 Train Loss: 0.4476 Train Acc: 0.4857 Train Prec: 0.8502 Train Rcll: 0.5355 Train F1: 0.6291 Val Loss: 0.4607 Val Acc: 0.2495 Val Prec: 0.5027 Val Rcll: 0.2924 Val F1: 0.3415
EPOCH: 11/30 Train Loss: 0.4177 Train Acc: 0.4918 Train Prec: 0.8465 Train Rcll: 0.5387 Train F1: 0.6318 Val Loss: 0.4567 Val Acc: 0.2732 Val Prec: 0.5419 Val Rcll: 0.3266 Val F1: 0.3677
EPOCH: 12/30 Train Loss: 0.3875 Train Acc: 0.5215 Train Prec: 0.8453 Train Rcll: 0.5704 Train F1: 0.6650 Val Loss: 0.4514 Val Acc: 0.2936 Val Prec: 0.5606 Val Rcll: 0.3392 Val F1: 0.3917
EPOCH: 13/30 Train Loss: 0.3620 Train Acc: 0.5763 Train Prec: 0.8513 Train Rcll: 0.6397 Train F1: 0.7145 Val Loss: 0.4265 Val Acc: 0.3180 Val Prec: 0.5478 Val Rcll: 0.3805 Val F1: 0.4221
EPOCH: 14/30 Train Loss: 0.3439 Train Acc: 0.5899 Train Prec: 0.8470 Train Rcll: 0.6565 Train F1: 0.7268 Val Loss: 0.4166 Val Acc: 0.3223 Val Prec: 0.6062 Val Rcll: 0.3998 Val F1: 0.4351
EPOCH: 15/30 Train Loss: 0.3271 Train Acc: 0.6305 Train Prec: 0.8813 Train Rcll: 0.6901 Train F1: 0.7656 Val Loss: 0.4014 Val Acc: 0.3358 Val Prec: 0.6059 Val Rcll: 0.4046 Val F1: 0.4478
EPOCH: 16/30 Train Loss: 0.3055 Train Acc: 0.6453 Train Prec: 0.8892 Train Rcll: 0.7005 Train F1: 0.7778 Val Loss: 0.3935 Val Acc: 0.3407 Val Prec: 0.6114 Val Rcll: 0.4062 Val F1: 0.4550
EPOCH: 17/30 Train Loss: 0.2974 Train Acc: 0.6625 Train Prec: 0.8894 Train Rcll: 0.7210 Train F1: 0.7906 Val Loss: 0.3862 Val Acc: 0.3438 Val Prec: 0.5782 Val Rcll: 0.4194 Val F1: 0.4580
EPOCH: 18/30 Train Loss: 0.2797 Train Acc: 0.6310 Train Prec: 0.8941 Train Rcll: 0.6794 Train F1: 0.7610 Val Loss: 0.4065 Val Acc: 0.3413 Val Prec: 0.6240 Val Rcll: 0.4086 Val F1: 0.4567
EPOCH: 19/30 Train Loss: 0.2672 Train Acc: 0.7079 Train Prec: 0.8976 Train Rcll: 0.7661 Train F1: 0.8232 Val Loss: 0.3688 Val Acc: 0.3730 Val Prec: 0.6520 Val Rcll: 0.4440 Val F1: 0.4950
EPOCH: 20/30 Train Loss: 0.2637 Train Acc: 0.6958 Train Prec: 0.9013 Train Rcll: 0.7511 Train F1: 0.8134 Val Loss: 0.3708 Val Acc: 0.3678 Val Prec: 0.6336 Val Rcll: 0.4446 Val F1: 0.4856
EPOCH: 21/30 Train Loss: 0.2496 Train Acc: 0.6869 Train Prec: 0.9053 Train Rcll: 0.7412 Train F1: 0.8068 Val Loss: 0.3848 Val Acc: 0.3483 Val Prec: 0.6261 Val Rcll: 0.4290 Val F1: 0.4658
EPOCH: 22/30 Train Loss: 0.2430 Train Acc: 0.7230 Train Prec: 0.9126 Train Rcll: 0.7733 Train F1: 0.8335 Val Loss: 0.3753 Val Acc: 0.3737 Val Prec: 0.6594 Val Rcll: 0.4526 Val F1: 0.4997
EPOCH: 23/30 Train Loss: 0.2386 Train Acc: 0.7304 Train Prec: 0.9179 Train Rcll: 0.7795 Train F1: 0.8392 Val Loss: 0.3691 Val Acc: 0.3700 Val Prec: 0.6753 Val Rcll: 0.4431 Val F1: 0.4905
EPOCH: 24/30 Train Loss: 0.2308 Train Acc: 0.7168 Train Prec: 0.9142 Train Rcll: 0.7694 Train F1: 0.8286 Val Loss: 0.3739 Val Acc: 0.3542 Val Prec: 0.6395 Val Rcll: 0.4341 Val F1: 0.4777
EPOCH: 25/30 Train Loss: 0.2285 Train Acc: 0.7410 Train Prec: 0.9201 Train Rcll: 0.7904 Train F1: 0.8453 Val Loss: 0.3676 Val Acc: 0.3802 Val Prec: 0.7110 Val Rcll: 0.4592 Val F1: 0.5019
EPOCH: 26/30 Train Loss: 0.2226 Train Acc: 0.7665 Train Prec: 0.9244 Train Rcll: 0.8159 Train F1: 0.8646 Val Loss: 0.3699 Val Acc: 0.3531 Val Prec: 0.6201 Val Rcll: 0.4490 Val F1: 0.4795
EPOCH: 27/30 Train Loss: 0.2049 Train Acc: 0.7547 Train Prec: 0.9205 Train Rcll: 0.8045 Train F1: 0.8551 Val Loss: 0.3704 Val Acc: 0.3610 Val Prec: 0.7100 Val Rcll: 0.4541 Val F1: 0.4872
EPOCH: 28/30 Train Loss: 0.1984 Train Acc: 0.7693 Train Prec: 0.9275 Train Rcll: 0.8148 Train F1: 0.8645 Val Loss: 0.3719 Val Acc: 0.3799 Val Prec: 0.6973 Val Rcll: 0.4576 Val F1: 0.5020
EPOCH: 29/30 Train Loss: 0.1897 Train Acc: 0.7796 Train Prec: 0.9335 Train Rcll: 0.8227 Train F1: 0.8721 Val Loss: 0.3765 Val Acc: 0.3666 Val Prec: 0.6667 Val Rcll: 0.4454 Val F1: 0.4890
EPOCH: 30/30 Train Loss: 0.1887 Train Acc: 0.7809 Train Prec: 0.9357 Train Rcll: 0.8221 Train F1: 0.8729 Val Loss: 0.3733 Val Acc: 0.3766 Val Prec: 0.7328 Val Rcll: 0.4531 Val F1: 0.5033
VALIDATION RESULTS: 
Avg. Accuracy: 0.37664195491577107
Avg. Precision: 0.7328411880073787
Avg. Recall: 0.45305044528139604
Avg. F1: 0.5033151452031777
VALIDATION RESULTS (PER CLASS): 
Accuracy: [0.89490022 0.46268657 0.57291667 0.52941176 0.73394495 0.316
 0.6010929  0.2173913  0.26229508 0.06382979 0.11363636 0.025
 0.07692308 0.39130435 0.52325581 0.41176471 0.43804035 0.14516129]
Precision: [0.91157538 0.775      0.98214286 0.64285714 0.75471698 0.78217822
 0.82706767 0.625      0.41558442 0.27272727 0.71428571 1.
 1.         0.59016393 0.64285714 0.93333333 0.83516484 0.48648649]
Recall: [0.97996844 0.53448276 0.57894737 0.75       0.96385542 0.34649123
 0.6875     0.25       0.41558442 0.07692308 0.11904762 0.025
 0.07692308 0.53731343 0.73770492 0.42424242 0.47949527 0.17142857]
F1: [0.94453546 0.63265306 0.72847682 0.69230769 0.84656085 0.48024316
 0.75085324 0.35714286 0.41558442 0.12       0.20408163 0.04878049
 0.14285714 0.5625     0.6870229  0.58333333 0.60921844 0.25352113]
GENERALIZATION GAP ANALYSIS: 
Train-Val-Accuracy Difference: -0.18464191115136963
Train-Val-Accuracy Difference: 0.40426627966843626
Train-Val-Precision Difference: 0.20288538911503007
Train-Val-Recall Difference: 0.36907917512424504
Train-Val-F1 Difference: 0.36959803210612807

Final time elapsed: 00:13:41.18

