Applied settings: 
Namespace(adj_lr=False, adj_lr_patience=2, batch_norm=False, batch_size=100, conv_block_type='normal', cutoff_test=30, cutoff_train=4, dataset='opportunity', dilation=1, drop_prob=0.5, early_stopping=False, epochs=30, es_patience=5, filter_width=5, gpu='cuda:0', include_null=True, logging=True, loss='cross-entropy', lr=0.0001, means_and_stds=False, nb_conv_blocks=2, nb_filters=64, nb_layers_lstm=1, nb_units_lstm=256, network='deepconvlstm', optimizer='adam', plot_gradient=False, pool_kernel_width=2, pool_type='max', pooling=False, pred_type='gestures', print_counts=False, print_freq=100, reduce_layer=False, reduce_layer_output=8, save_preds=False, seed=5, size_sss=0.6, splits_sss=10, sw_length=24.0, sw_overlap=50.0, sw_unit='units', use_weights=False, valid_type='normal', verbose=False, weight_decay=1e-06, weights_init='xavier_normal')
Loading data...
Processing dataset files ...
Final datasets with size: | train (497014, 113) | val (118750, 113) | test (0, 0) | 
 ..from file data/opportunity_data.csv
 ..reading instances: train (497014, 113), val (118750, 113), test (0, 0)
(41416, 24, 113)
Number of Parameters: 
7736402
EPOCH: 1/30 Train Loss: 1.4421 Train Acc: 0.0378 Train Prec: 0.0378 Train Rcll: 0.0556 Train F1: 0.0450 Val Loss: 0.7997 Val Acc: 0.0463 Val Prec: 0.0463 Val Rcll: 0.0556 Val F1: 0.0505
EPOCH: 2/30 Train Loss: 1.0708 Train Acc: 0.1092 Train Prec: 0.3400 Train Rcll: 0.1332 Train F1: 0.1563 Val Loss: 0.6421 Val Acc: 0.0786 Val Prec: 0.1810 Val Rcll: 0.0920 Val F1: 0.1020
EPOCH: 3/30 Train Loss: 0.7596 Train Acc: 0.2071 Train Prec: 0.5439 Train Rcll: 0.2425 Train F1: 0.2824 Val Loss: 0.5770 Val Acc: 0.1426 Val Prec: 0.3090 Val Rcll: 0.1686 Val F1: 0.1996
EPOCH: 4/30 Train Loss: 0.6282 Train Acc: 0.2444 Train Prec: 0.6407 Train Rcll: 0.2839 Train F1: 0.3262 Val Loss: 0.5460 Val Acc: 0.1598 Val Prec: 0.3916 Val Rcll: 0.1963 Val F1: 0.2265
EPOCH: 5/30 Train Loss: 0.5522 Train Acc: 0.2908 Train Prec: 0.7143 Train Rcll: 0.3335 Train F1: 0.3843 Val Loss: 0.5276 Val Acc: 0.1932 Val Prec: 0.4753 Val Rcll: 0.2348 Val F1: 0.2692
EPOCH: 6/30 Train Loss: 0.4971 Train Acc: 0.3666 Train Prec: 0.7579 Train Rcll: 0.4169 Train F1: 0.4815 Val Loss: 0.4870 Val Acc: 0.2301 Val Prec: 0.5381 Val Rcll: 0.2857 Val F1: 0.3207
EPOCH: 7/30 Train Loss: 0.4486 Train Acc: 0.4470 Train Prec: 0.8277 Train Rcll: 0.5038 Train F1: 0.5795 Val Loss: 0.4764 Val Acc: 0.2525 Val Prec: 0.5022 Val Rcll: 0.3243 Val F1: 0.3531
EPOCH: 8/30 Train Loss: 0.4067 Train Acc: 0.4521 Train Prec: 0.8374 Train Rcll: 0.4994 Train F1: 0.5849 Val Loss: 0.4715 Val Acc: 0.2659 Val Prec: 0.5303 Val Rcll: 0.3245 Val F1: 0.3625
EPOCH: 9/30 Train Loss: 0.3746 Train Acc: 0.4903 Train Prec: 0.8692 Train Rcll: 0.5377 Train F1: 0.6242 Val Loss: 0.4578 Val Acc: 0.2769 Val Prec: 0.5335 Val Rcll: 0.3446 Val F1: 0.3827
EPOCH: 10/30 Train Loss: 0.3478 Train Acc: 0.5302 Train Prec: 0.8701 Train Rcll: 0.5782 Train F1: 0.6675 Val Loss: 0.4503 Val Acc: 0.2859 Val Prec: 0.5346 Val Rcll: 0.3557 Val F1: 0.3915
EPOCH: 11/30 Train Loss: 0.3291 Train Acc: 0.5565 Train Prec: 0.8844 Train Rcll: 0.6003 Train F1: 0.6957 Val Loss: 0.4477 Val Acc: 0.2841 Val Prec: 0.5493 Val Rcll: 0.3541 Val F1: 0.3855
EPOCH: 12/30 Train Loss: 0.3058 Train Acc: 0.5937 Train Prec: 0.8895 Train Rcll: 0.6410 Train F1: 0.7287 Val Loss: 0.4409 Val Acc: 0.2970 Val Prec: 0.5764 Val Rcll: 0.3679 Val F1: 0.4012
EPOCH: 13/30 Train Loss: 0.2841 Train Acc: 0.5966 Train Prec: 0.9038 Train Rcll: 0.6381 Train F1: 0.7301 Val Loss: 0.4414 Val Acc: 0.3003 Val Prec: 0.5525 Val Rcll: 0.3623 Val F1: 0.4037
EPOCH: 14/30 Train Loss: 0.2691 Train Acc: 0.6041 Train Prec: 0.9003 Train Rcll: 0.6483 Train F1: 0.7385 Val Loss: 0.4437 Val Acc: 0.3208 Val Prec: 0.5734 Val Rcll: 0.3810 Val F1: 0.4247
EPOCH: 15/30 Train Loss: 0.2507 Train Acc: 0.6388 Train Prec: 0.8989 Train Rcll: 0.6864 Train F1: 0.7668 Val Loss: 0.4161 Val Acc: 0.3263 Val Prec: 0.5476 Val Rcll: 0.4025 Val F1: 0.4350
EPOCH: 16/30 Train Loss: 0.2311 Train Acc: 0.6785 Train Prec: 0.9085 Train Rcll: 0.7253 Train F1: 0.7993 Val Loss: 0.4168 Val Acc: 0.3305 Val Prec: 0.5656 Val Rcll: 0.4092 Val F1: 0.4475
EPOCH: 17/30 Train Loss: 0.2175 Train Acc: 0.6995 Train Prec: 0.9090 Train Rcll: 0.7509 Train F1: 0.8165 Val Loss: 0.4047 Val Acc: 0.3406 Val Prec: 0.5543 Val Rcll: 0.4239 Val F1: 0.4582
EPOCH: 18/30 Train Loss: 0.2089 Train Acc: 0.6807 Train Prec: 0.9066 Train Rcll: 0.7316 Train F1: 0.8004 Val Loss: 0.4116 Val Acc: 0.3382 Val Prec: 0.5786 Val Rcll: 0.4147 Val F1: 0.4531
EPOCH: 19/30 Train Loss: 0.1964 Train Acc: 0.7106 Train Prec: 0.9267 Train Rcll: 0.7510 Train F1: 0.8223 Val Loss: 0.4189 Val Acc: 0.3333 Val Prec: 0.5799 Val Rcll: 0.4087 Val F1: 0.4493
EPOCH: 20/30 Train Loss: 0.1869 Train Acc: 0.7431 Train Prec: 0.9217 Train Rcll: 0.7923 Train F1: 0.8469 Val Loss: 0.3878 Val Acc: 0.3584 Val Prec: 0.5855 Val Rcll: 0.4394 Val F1: 0.4770
EPOCH: 21/30 Train Loss: 0.1716 Train Acc: 0.7772 Train Prec: 0.9334 Train Rcll: 0.8207 Train F1: 0.8709 Val Loss: 0.3948 Val Acc: 0.3543 Val Prec: 0.6212 Val Rcll: 0.4434 Val F1: 0.4780
EPOCH: 22/30 Train Loss: 0.1639 Train Acc: 0.7652 Train Prec: 0.9354 Train Rcll: 0.8064 Train F1: 0.8620 Val Loss: 0.4065 Val Acc: 0.3585 Val Prec: 0.5854 Val Rcll: 0.4422 Val F1: 0.4806
EPOCH: 23/30 Train Loss: 0.1596 Train Acc: 0.7847 Train Prec: 0.9374 Train Rcll: 0.8258 Train F1: 0.8753 Val Loss: 0.3933 Val Acc: 0.3709 Val Prec: 0.5841 Val Rcll: 0.4537 Val F1: 0.4942
EPOCH: 24/30 Train Loss: 0.1528 Train Acc: 0.8024 Train Prec: 0.9391 Train Rcll: 0.8442 Train F1: 0.8872 Val Loss: 0.3866 Val Acc: 0.3767 Val Prec: 0.5747 Val Rcll: 0.4679 Val F1: 0.5019
EPOCH: 25/30 Train Loss: 0.1462 Train Acc: 0.7985 Train Prec: 0.9423 Train Rcll: 0.8380 Train F1: 0.8842 Val Loss: 0.3958 Val Acc: 0.3591 Val Prec: 0.6064 Val Rcll: 0.4546 Val F1: 0.4912
EPOCH: 26/30 Train Loss: 0.1428 Train Acc: 0.8202 Train Prec: 0.9411 Train Rcll: 0.8623 Train F1: 0.8984 Val Loss: 0.3755 Val Acc: 0.3821 Val Prec: 0.6595 Val Rcll: 0.4803 Val F1: 0.5170
EPOCH: 27/30 Train Loss: 0.1331 Train Acc: 0.8245 Train Prec: 0.9434 Train Rcll: 0.8667 Train F1: 0.9012 Val Loss: 0.3893 Val Acc: 0.3661 Val Prec: 0.6313 Val Rcll: 0.4662 Val F1: 0.4965
EPOCH: 28/30 Train Loss: 0.1234 Train Acc: 0.8286 Train Prec: 0.9495 Train Rcll: 0.8649 Train F1: 0.9036 Val Loss: 0.3849 Val Acc: 0.3764 Val Prec: 0.5851 Val Rcll: 0.4786 Val F1: 0.5072
EPOCH: 29/30 Train Loss: 0.1232 Train Acc: 0.8265 Train Prec: 0.9543 Train Rcll: 0.8587 Train F1: 0.9013 Val Loss: 0.3984 Val Acc: 0.3751 Val Prec: 0.5771 Val Rcll: 0.4730 Val F1: 0.5003
EPOCH: 30/30 Train Loss: 0.1171 Train Acc: 0.8107 Train Prec: 0.9565 Train Rcll: 0.8395 Train F1: 0.8921 Val Loss: 0.4227 Val Acc: 0.3514 Val Prec: 0.5984 Val Rcll: 0.4271 Val F1: 0.4795
VALIDATION RESULTS: 
Avg. Accuracy: 0.35135205305140443
Avg. Precision: 0.5983699334558136
Avg. Recall: 0.42712192919388653
Avg. F1: 0.4795107212141219
VALIDATION RESULTS (PER CLASS): 
Accuracy: [0.88736598 0.48333333 0.47572816 0.57647059 0.58558559 0.32411067
 0.43604651 0.265625   0.17482517 0.11666667 0.24528302 0.
 0.         0.29032258 0.44047619 0.41584158 0.50139276 0.10526316]
Precision: [0.90835031 0.93548387 0.85964912 0.66216216 0.69892473 0.76635514
 0.86206897 0.5483871  0.27472527 0.25       0.54166667 0.
 0.         0.50943396 0.61666667 0.95454545 0.81081081 0.57142857]
Recall: [0.97462668 0.5        0.51578947 0.81666667 0.78313253 0.35964912
 0.46875    0.34       0.32467532 0.17948718 0.30952381 0.
 0.         0.40298507 0.60655738 0.42424242 0.56782334 0.11428571]
F1: [0.94032211 0.65168539 0.64473684 0.73134328 0.73863636 0.48955224
 0.60728745 0.41975309 0.29761905 0.20895522 0.39393939 0.
 0.         0.45       0.61157025 0.58741259 0.66790353 0.19047619]
GENERALIZATION GAP ANALYSIS: 
Train-Val-Accuracy Difference: -0.30568007435016775
Train-Val-Accuracy Difference: 0.459309878882253
Train-Val-Precision Difference: 0.3581543579822861
Train-Val-Recall Difference: 0.41237660139971716
Train-Val-F1 Difference: 0.41255742744970764

Final time elapsed: 00:13:41.21

