Applied settings: 
Namespace(adj_lr=False, adj_lr_patience=2, batch_norm=False, batch_size=100, conv_block_type='normal', cutoff_test=30, cutoff_train=4, dataset='opportunity', dilation=1, drop_prob=0.5, early_stopping=False, epochs=30, es_patience=5, filter_width=5, gpu='cuda:0', include_null=True, logging=True, loss='cross-entropy', lr=0.0001, means_and_stds=False, nb_conv_blocks=2, nb_filters=64, nb_layers_lstm=1, nb_units_lstm=256, network='deepconvlstm', optimizer='adam', plot_gradient=False, pool_kernel_width=2, pool_type='max', pooling=False, pred_type='gestures', print_counts=False, print_freq=100, reduce_layer=False, reduce_layer_output=8, save_preds=False, seed=3, size_sss=0.6, splits_sss=10, sw_length=24.0, sw_overlap=50.0, sw_unit='units', use_weights=False, valid_type='normal', verbose=False, weight_decay=1e-06, weights_init='xavier_normal')
Loading data...
Processing dataset files ...
Final datasets with size: | train (497014, 113) | val (118750, 113) | test (0, 0) | 
 ..from file data/opportunity_data.csv
 ..reading instances: train (497014, 113), val (118750, 113), test (0, 0)
(41416, 24, 113)
Number of Parameters: 
7736402
EPOCH: 1/30 Train Loss: 1.4533 Train Acc: 0.0378 Train Prec: 0.0378 Train Rcll: 0.0556 Train F1: 0.0450 Val Loss: 0.8204 Val Acc: 0.0463 Val Prec: 0.0463 Val Rcll: 0.0556 Val F1: 0.0505
EPOCH: 2/30 Train Loss: 1.1824 Train Acc: 0.0453 Train Prec: 0.1303 Train Rcll: 0.0627 Train F1: 0.0580 Val Loss: 0.7166 Val Acc: 0.0466 Val Prec: 0.1018 Val Rcll: 0.0559 Val F1: 0.0512
EPOCH: 3/30 Train Loss: 0.8655 Train Acc: 0.1742 Train Prec: 0.5346 Train Rcll: 0.2095 Train F1: 0.2480 Val Loss: 0.6172 Val Acc: 0.1002 Val Prec: 0.3295 Val Rcll: 0.1236 Val F1: 0.1363
EPOCH: 4/30 Train Loss: 0.6977 Train Acc: 0.1767 Train Prec: 0.4654 Train Rcll: 0.2028 Train F1: 0.2484 Val Loss: 0.5929 Val Acc: 0.1192 Val Prec: 0.3887 Val Rcll: 0.1339 Val F1: 0.1703
EPOCH: 5/30 Train Loss: 0.6018 Train Acc: 0.2225 Train Prec: 0.5722 Train Rcll: 0.2583 Train F1: 0.2973 Val Loss: 0.5620 Val Acc: 0.1460 Val Prec: 0.4504 Val Rcll: 0.1717 Val F1: 0.2073
EPOCH: 6/30 Train Loss: 0.5225 Train Acc: 0.3119 Train Prec: 0.7885 Train Rcll: 0.3528 Train F1: 0.4202 Val Loss: 0.5209 Val Acc: 0.1996 Val Prec: 0.5158 Val Rcll: 0.2381 Val F1: 0.2820
EPOCH: 7/30 Train Loss: 0.4762 Train Acc: 0.3035 Train Prec: 0.8485 Train Rcll: 0.3402 Train F1: 0.4076 Val Loss: 0.5235 Val Acc: 0.2014 Val Prec: 0.5332 Val Rcll: 0.2402 Val F1: 0.2887
EPOCH: 8/30 Train Loss: 0.4442 Train Acc: 0.4142 Train Prec: 0.8564 Train Rcll: 0.4583 Train F1: 0.5474 Val Loss: 0.4780 Val Acc: 0.2474 Val Prec: 0.5643 Val Rcll: 0.2930 Val F1: 0.3455
EPOCH: 9/30 Train Loss: 0.3930 Train Acc: 0.4567 Train Prec: 0.8583 Train Rcll: 0.4975 Train F1: 0.5927 Val Loss: 0.4600 Val Acc: 0.2648 Val Prec: 0.5371 Val Rcll: 0.3171 Val F1: 0.3663
EPOCH: 10/30 Train Loss: 0.3697 Train Acc: 0.4456 Train Prec: 0.8645 Train Rcll: 0.4910 Train F1: 0.5799 Val Loss: 0.4489 Val Acc: 0.2633 Val Prec: 0.4992 Val Rcll: 0.3178 Val F1: 0.3646
EPOCH: 11/30 Train Loss: 0.3401 Train Acc: 0.5342 Train Prec: 0.8473 Train Rcll: 0.5872 Train F1: 0.6734 Val Loss: 0.4149 Val Acc: 0.3096 Val Prec: 0.5495 Val Rcll: 0.3720 Val F1: 0.4163
EPOCH: 12/30 Train Loss: 0.3123 Train Acc: 0.5756 Train Prec: 0.8786 Train Rcll: 0.6191 Train F1: 0.7106 Val Loss: 0.4151 Val Acc: 0.3190 Val Prec: 0.5671 Val Rcll: 0.3754 Val F1: 0.4279
EPOCH: 13/30 Train Loss: 0.2857 Train Acc: 0.6403 Train Prec: 0.8895 Train Rcll: 0.6917 Train F1: 0.7692 Val Loss: 0.3909 Val Acc: 0.3440 Val Prec: 0.6750 Val Rcll: 0.4151 Val F1: 0.4609
EPOCH: 14/30 Train Loss: 0.2692 Train Acc: 0.6384 Train Prec: 0.8918 Train Rcll: 0.6891 Train F1: 0.7684 Val Loss: 0.3940 Val Acc: 0.3401 Val Prec: 0.5868 Val Rcll: 0.4063 Val F1: 0.4492
EPOCH: 15/30 Train Loss: 0.2458 Train Acc: 0.6710 Train Prec: 0.8917 Train Rcll: 0.7247 Train F1: 0.7932 Val Loss: 0.3837 Val Acc: 0.3639 Val Prec: 0.5788 Val Rcll: 0.4379 Val F1: 0.4761
EPOCH: 16/30 Train Loss: 0.2282 Train Acc: 0.6692 Train Prec: 0.8945 Train Rcll: 0.7254 Train F1: 0.7905 Val Loss: 0.3763 Val Acc: 0.3549 Val Prec: 0.5993 Val Rcll: 0.4406 Val F1: 0.4760
EPOCH: 17/30 Train Loss: 0.2330 Train Acc: 0.6492 Train Prec: 0.8793 Train Rcll: 0.7148 Train F1: 0.7755 Val Loss: 0.3712 Val Acc: 0.3537 Val Prec: 0.5351 Val Rcll: 0.4384 Val F1: 0.4664
EPOCH: 18/30 Train Loss: 0.2074 Train Acc: 0.6682 Train Prec: 0.8665 Train Rcll: 0.7509 Train F1: 0.7938 Val Loss: 0.3623 Val Acc: 0.3717 Val Prec: 0.5427 Val Rcll: 0.4738 Val F1: 0.4916
EPOCH: 19/30 Train Loss: 0.2025 Train Acc: 0.6648 Train Prec: 0.8584 Train Rcll: 0.7480 Train F1: 0.7895 Val Loss: 0.3700 Val Acc: 0.3417 Val Prec: 0.5289 Val Rcll: 0.4534 Val F1: 0.4630
EPOCH: 20/30 Train Loss: 0.1900 Train Acc: 0.6340 Train Prec: 0.8760 Train Rcll: 0.6954 Train F1: 0.7630 Val Loss: 0.3895 Val Acc: 0.3565 Val Prec: 0.5451 Val Rcll: 0.4455 Val F1: 0.4723
EPOCH: 21/30 Train Loss: 0.1773 Train Acc: 0.6978 Train Prec: 0.8725 Train Rcll: 0.7750 Train F1: 0.8121 Val Loss: 0.3756 Val Acc: 0.3673 Val Prec: 0.5276 Val Rcll: 0.4805 Val F1: 0.4856
EPOCH: 22/30 Train Loss: 0.1691 Train Acc: 0.6640 Train Prec: 0.8921 Train Rcll: 0.7178 Train F1: 0.7826 Val Loss: 0.3961 Val Acc: 0.3564 Val Prec: 0.5960 Val Rcll: 0.4520 Val F1: 0.4753
EPOCH: 23/30 Train Loss: 0.1625 Train Acc: 0.6707 Train Prec: 0.8976 Train Rcll: 0.7258 Train F1: 0.7896 Val Loss: 0.3831 Val Acc: 0.3572 Val Prec: 0.5432 Val Rcll: 0.4495 Val F1: 0.4757
EPOCH: 24/30 Train Loss: 0.1585 Train Acc: 0.6327 Train Prec: 0.8804 Train Rcll: 0.6992 Train F1: 0.7572 Val Loss: 0.3908 Val Acc: 0.3600 Val Prec: 0.5795 Val Rcll: 0.4507 Val F1: 0.4801
EPOCH: 25/30 Train Loss: 0.1475 Train Acc: 0.6842 Train Prec: 0.9156 Train Rcll: 0.7299 Train F1: 0.8005 Val Loss: 0.3976 Val Acc: 0.3540 Val Prec: 0.5861 Val Rcll: 0.4490 Val F1: 0.4753
EPOCH: 26/30 Train Loss: 0.1419 Train Acc: 0.7196 Train Prec: 0.9075 Train Rcll: 0.7735 Train F1: 0.8284 Val Loss: 0.3874 Val Acc: 0.3642 Val Prec: 0.5800 Val Rcll: 0.4666 Val F1: 0.4889
EPOCH: 27/30 Train Loss: 0.1462 Train Acc: 0.7466 Train Prec: 0.8961 Train Rcll: 0.8254 Train F1: 0.8515 Val Loss: 0.3978 Val Acc: 0.3491 Val Prec: 0.5142 Val Rcll: 0.4903 Val F1: 0.4782
EPOCH: 28/30 Train Loss: 0.1404 Train Acc: 0.7900 Train Prec: 0.9288 Train Rcll: 0.8396 Train F1: 0.8797 Val Loss: 0.3940 Val Acc: 0.3766 Val Prec: 0.5820 Val Rcll: 0.4969 Val F1: 0.5071
EPOCH: 29/30 Train Loss: 0.1368 Train Acc: 0.8031 Train Prec: 0.9520 Train Rcll: 0.8355 Train F1: 0.8871 Val Loss: 0.3931 Val Acc: 0.3849 Val Prec: 0.6665 Val Rcll: 0.4817 Val F1: 0.5194
EPOCH: 30/30 Train Loss: 0.1328 Train Acc: 0.8117 Train Prec: 0.9479 Train Rcll: 0.8476 Train F1: 0.8929 Val Loss: 0.3985 Val Acc: 0.3695 Val Prec: 0.6322 Val Rcll: 0.4802 Val F1: 0.5083
VALIDATION RESULTS: 
Avg. Accuracy: 0.3694757227174659
Avg. Precision: 0.6322473905781056
Avg. Recall: 0.4802341045528596
Avg. F1: 0.5082676406938113
VALIDATION RESULTS (PER CLASS): 
Accuracy: [0.89397862 0.43548387 0.39047619 0.44144144 0.6015625  0.37596899
 0.58730159 0.26865672 0.25165563 0.16901408 0.10909091 0.02439024
 0.11111111 0.37       0.3974359  0.4953271  0.44897959 0.27868852]
Precision: [0.92457223 0.87096774 0.80392157 0.49       0.63114754 0.76377953
 0.79285714 0.51428571 0.33928571 0.27272727 0.31578947 0.5
 0.75       0.52857143 0.64583333 0.86885246 0.70119522 0.66666667]
Recall: [0.96430739 0.46551724 0.43157895 0.81666667 0.92771084 0.4254386
 0.69375    0.36       0.49350649 0.30769231 0.14285714 0.025
 0.11538462 0.55223881 0.50819672 0.53535354 0.55520505 0.32380952]
F1: [0.94402187 0.60674157 0.56164384 0.6125     0.75121951 0.54647887
 0.74       0.42352941 0.4021164  0.28915663 0.19672131 0.04761905
 0.2        0.54014599 0.56880734 0.6625     0.61971831 0.43589744]
GENERALIZATION GAP ANALYSIS: 
Train-Val-Accuracy Difference: -0.2656711862640718
Train-Val-Accuracy Difference: 0.44224067994635924
Train-Val-Precision Difference: 0.3156681296827982
Train-Val-Recall Difference: 0.3673377823389165
Train-Val-F1 Difference: 0.38467678873833366

Final time elapsed: 00:13:40.73

