Applied settings: 
Namespace(adj_lr=False, adj_lr_patience=2, batch_norm=False, batch_size=100, conv_block_type='normal', cutoff_test=30, cutoff_train=4, dataset='opportunity', dilation=1, drop_prob=0.5, early_stopping=False, epochs=30, es_patience=5, filter_width=5, gpu='cuda:0', include_null=True, logging=True, loss='cross-entropy', lr=0.0001, means_and_stds=False, nb_conv_blocks=2, nb_filters=64, nb_layers_lstm=2, nb_units_lstm=1024, network='deepconvlstm', optimizer='adam', plot_gradient=False, pool_kernel_width=2, pool_type='max', pooling=False, pred_type='gestures', print_counts=False, print_freq=100, reduce_layer=False, reduce_layer_output=8, save_preds=False, seed=5, size_sss=0.6, splits_sss=10, sw_length=24.0, sw_overlap=50.0, sw_unit='units', use_weights=False, valid_type='normal', verbose=False, weight_decay=1e-06, weights_init='xavier_normal')
Loading data...
Processing dataset files ...
Final datasets with size: | train (497014, 113) | val (118750, 113) | test (0, 0) | 
 ..from file data/opportunity_data.csv
 ..reading instances: train (497014, 113), val (118750, 113), test (0, 0)
(41416, 24, 113)
Number of Parameters: 
42302034
EPOCH: 1/30 Train Loss: 1.4693 Train Acc: 0.0378 Train Prec: 0.0378 Train Rcll: 0.0556 Train F1: 0.0450 Val Loss: 0.8916 Val Acc: 0.0463 Val Prec: 0.0463 Val Rcll: 0.0556 Val F1: 0.0505
EPOCH: 2/30 Train Loss: 1.3404 Train Acc: 0.0378 Train Prec: 0.0378 Train Rcll: 0.0556 Train F1: 0.0450 Val Loss: 0.8785 Val Acc: 0.0463 Val Prec: 0.0463 Val Rcll: 0.0556 Val F1: 0.0505
EPOCH: 3/30 Train Loss: 1.0345 Train Acc: 0.1005 Train Prec: 0.3189 Train Rcll: 0.1345 Train F1: 0.1346 Val Loss: 0.6576 Val Acc: 0.0798 Val Prec: 0.1344 Val Rcll: 0.0978 Val F1: 0.1043
EPOCH: 4/30 Train Loss: 0.6839 Train Acc: 0.2374 Train Prec: 0.5810 Train Rcll: 0.2972 Train F1: 0.3223 Val Loss: 0.5675 Val Acc: 0.1411 Val Prec: 0.3813 Val Rcll: 0.1917 Val F1: 0.2017
EPOCH: 5/30 Train Loss: 0.5370 Train Acc: 0.2709 Train Prec: 0.7017 Train Rcll: 0.3345 Train F1: 0.3691 Val Loss: 0.5403 Val Acc: 0.1860 Val Prec: 0.4678 Val Rcll: 0.2444 Val F1: 0.2627
EPOCH: 6/30 Train Loss: 0.4549 Train Acc: 0.3379 Train Prec: 0.7875 Train Rcll: 0.4016 Train F1: 0.4600 Val Loss: 0.5472 Val Acc: 0.1915 Val Prec: 0.5369 Val Rcll: 0.2697 Val F1: 0.2782
EPOCH: 7/30 Train Loss: 0.3898 Train Acc: 0.4448 Train Prec: 0.8048 Train Rcll: 0.5131 Train F1: 0.5959 Val Loss: 0.5196 Val Acc: 0.2431 Val Prec: 0.5712 Val Rcll: 0.3153 Val F1: 0.3384
EPOCH: 8/30 Train Loss: 0.3387 Train Acc: 0.4860 Train Prec: 0.8412 Train Rcll: 0.5493 Train F1: 0.6378 Val Loss: 0.5587 Val Acc: 0.2208 Val Prec: 0.5716 Val Rcll: 0.2953 Val F1: 0.3088
EPOCH: 9/30 Train Loss: 0.3003 Train Acc: 0.5590 Train Prec: 0.8634 Train Rcll: 0.6197 Train F1: 0.7060 Val Loss: 0.5148 Val Acc: 0.2534 Val Prec: 0.5221 Val Rcll: 0.3121 Val F1: 0.3413
EPOCH: 10/30 Train Loss: 0.2681 Train Acc: 0.4994 Train Prec: 0.7731 Train Rcll: 0.6060 Train F1: 0.6524 Val Loss: 0.4988 Val Acc: 0.2603 Val Prec: 0.5322 Val Rcll: 0.3464 Val F1: 0.3728
EPOCH: 11/30 Train Loss: 0.2594 Train Acc: 0.5232 Train Prec: 0.7697 Train Rcll: 0.6332 Train F1: 0.6739 Val Loss: 0.4698 Val Acc: 0.2969 Val Prec: 0.5212 Val Rcll: 0.3870 Val F1: 0.4097
EPOCH: 12/30 Train Loss: 0.2255 Train Acc: 0.4740 Train Prec: 0.7606 Train Rcll: 0.5930 Train F1: 0.6334 Val Loss: 0.5498 Val Acc: 0.2525 Val Prec: 0.4453 Val Rcll: 0.3433 Val F1: 0.3538
EPOCH: 13/30 Train Loss: 0.2046 Train Acc: 0.5803 Train Prec: 0.8013 Train Rcll: 0.6986 Train F1: 0.7276 Val Loss: 0.4989 Val Acc: 0.3065 Val Prec: 0.5676 Val Rcll: 0.4159 Val F1: 0.4220
EPOCH: 14/30 Train Loss: 0.1847 Train Acc: 0.5465 Train Prec: 0.7920 Train Rcll: 0.6186 Train F1: 0.6785 Val Loss: 0.5346 Val Acc: 0.2687 Val Prec: 0.5065 Val Rcll: 0.3383 Val F1: 0.3679
EPOCH: 15/30 Train Loss: 0.1738 Train Acc: 0.6645 Train Prec: 0.8992 Train Rcll: 0.7246 Train F1: 0.7910 Val Loss: 0.4957 Val Acc: 0.3000 Val Prec: 0.5320 Val Rcll: 0.3844 Val F1: 0.4112
EPOCH: 16/30 Train Loss: 0.1514 Train Acc: 0.5859 Train Prec: 0.8326 Train Rcll: 0.6680 Train F1: 0.7280 Val Loss: 0.5135 Val Acc: 0.3046 Val Prec: 0.5158 Val Rcll: 0.3846 Val F1: 0.4168
EPOCH: 17/30 Train Loss: 0.1380 Train Acc: 0.6781 Train Prec: 0.8720 Train Rcll: 0.7551 Train F1: 0.8010 Val Loss: 0.4991 Val Acc: 0.3129 Val Prec: 0.5326 Val Rcll: 0.3983 Val F1: 0.4250
EPOCH: 18/30 Train Loss: 0.1392 Train Acc: 0.7438 Train Prec: 0.8840 Train Rcll: 0.8259 Train F1: 0.8508 Val Loss: 0.5460 Val Acc: 0.3133 Val Prec: 0.5593 Val Rcll: 0.4478 Val F1: 0.4407
EPOCH: 19/30 Train Loss: 0.1388 Train Acc: 0.7583 Train Prec: 0.8874 Train Rcll: 0.8441 Train F1: 0.8601 Val Loss: 0.5236 Val Acc: 0.3330 Val Prec: 0.5302 Val Rcll: 0.4548 Val F1: 0.4547
EPOCH: 20/30 Train Loss: 0.1297 Train Acc: 0.6987 Train Prec: 0.8856 Train Rcll: 0.7797 Train F1: 0.8194 Val Loss: 0.4635 Val Acc: 0.3419 Val Prec: 0.6220 Val Rcll: 0.4394 Val F1: 0.4737
EPOCH: 21/30 Train Loss: 0.1143 Train Acc: 0.6299 Train Prec: 0.8319 Train Rcll: 0.7555 Train F1: 0.7667 Val Loss: 0.5384 Val Acc: 0.3100 Val Prec: 0.4874 Val Rcll: 0.4554 Val F1: 0.4307
EPOCH: 22/30 Train Loss: 0.1111 Train Acc: 0.6749 Train Prec: 0.8911 Train Rcll: 0.7475 Train F1: 0.7989 Val Loss: 0.4968 Val Acc: 0.3289 Val Prec: 0.5165 Val Rcll: 0.4177 Val F1: 0.4379
EPOCH: 23/30 Train Loss: 0.1015 Train Acc: 0.5878 Train Prec: 0.8752 Train Rcll: 0.6588 Train F1: 0.7330 Val Loss: 0.5959 Val Acc: 0.2908 Val Prec: 0.5375 Val Rcll: 0.3684 Val F1: 0.4040
EPOCH: 24/30 Train Loss: 0.0953 Train Acc: 0.6663 Train Prec: 0.8583 Train Rcll: 0.7647 Train F1: 0.7956 Val Loss: 0.5513 Val Acc: 0.3086 Val Prec: 0.4927 Val Rcll: 0.4356 Val F1: 0.4309
EPOCH: 25/30 Train Loss: 0.1019 Train Acc: 0.8052 Train Prec: 0.9564 Train Rcll: 0.8383 Train F1: 0.8908 Val Loss: 0.5853 Val Acc: 0.3258 Val Prec: 0.5617 Val Rcll: 0.4133 Val F1: 0.4396
EPOCH: 26/30 Train Loss: 0.1012 Train Acc: 0.8213 Train Prec: 0.9287 Train Rcll: 0.8793 Train F1: 0.9005 Val Loss: 0.5686 Val Acc: 0.3068 Val Prec: 0.5351 Val Rcll: 0.4186 Val F1: 0.4287
EPOCH: 27/30 Train Loss: 0.0855 Train Acc: 0.7581 Train Prec: 0.9155 Train Rcll: 0.8183 Train F1: 0.8578 Val Loss: 0.4960 Val Acc: 0.3482 Val Prec: 0.5103 Val Rcll: 0.4617 Val F1: 0.4669
EPOCH: 28/30 Train Loss: 0.0963 Train Acc: 0.8267 Train Prec: 0.9569 Train Rcll: 0.8586 Train F1: 0.9030 Val Loss: 0.5557 Val Acc: 0.3244 Val Prec: 0.5428 Val Rcll: 0.4076 Val F1: 0.4417
EPOCH: 29/30 Train Loss: 0.0786 Train Acc: 0.8843 Train Prec: 0.9507 Train Rcll: 0.9281 Train F1: 0.9379 Val Loss: 0.4811 Val Acc: 0.3762 Val Prec: 0.5638 Val Rcll: 0.5011 Val F1: 0.5104
EPOCH: 30/30 Train Loss: 0.0748 Train Acc: 0.8381 Train Prec: 0.9615 Train Rcll: 0.8692 Train F1: 0.9098 Val Loss: 0.5580 Val Acc: 0.3288 Val Prec: 0.5541 Val Rcll: 0.4173 Val F1: 0.4563
VALIDATION RESULTS: 
Avg. Accuracy: 0.3288258752782741
Avg. Precision: 0.5541039416410558
Avg. Recall: 0.417293383067395
Avg. F1: 0.45628134189514064
VALIDATION RESULTS (PER CLASS): 
Accuracy: [0.88215116 0.47692308 0.43157895 0.46464646 0.52991453 0.20152091
 0.48571429 0.27419355 0.14942529 0.10769231 0.14       0.
 0.         0.42168675 0.34831461 0.49074074 0.31436314 0.2       ]
Precision: [0.90880073 0.81578947 1.         0.54117647 0.64583333 0.60227273
 0.67105263 0.5862069  0.21138211 0.21212121 0.46666667 0.
 0.         0.68627451 0.52542373 0.85483871 0.69047619 0.55555556]
Recall: [0.96782809 0.53448276 0.43157895 0.76666667 0.74698795 0.23245614
 0.6375     0.34       0.33766234 0.17948718 0.16666667 0.
 0.         0.52238806 0.50819672 0.53535354 0.3659306  0.23809524]
F1: [0.93738609 0.64583333 0.60294118 0.63448276 0.69273743 0.33544304
 0.65384615 0.43037975 0.26       0.19444444 0.24561404 0.
 0.         0.59322034 0.51666667 0.65838509 0.47835052 0.33333333]
GENERALIZATION GAP ANALYSIS: 
Train-Val-Accuracy Difference: -0.4832324471204968
Train-Val-Accuracy Difference: 0.5092449611545309
Train-Val-Precision Difference: 0.4074325180686873
Train-Val-Recall Difference: 0.45189720608884704
Train-Val-F1 Difference: 0.4534695074225074

Final time elapsed: 00:35:31.05

