Applied settings: 
Namespace(adj_lr=False, adj_lr_patience=2, batch_norm=False, batch_size=100, conv_block_type='normal', cutoff_test=30, cutoff_train=4, dataset='opportunity', dilation=1, drop_prob=0.5, early_stopping=False, epochs=30, es_patience=5, filter_width=5, gpu='cuda:0', include_null=True, logging=True, loss='cross-entropy', lr=0.0001, means_and_stds=False, nb_conv_blocks=2, nb_filters=64, nb_layers_lstm=2, nb_units_lstm=256, network='deepconvlstm', optimizer='adam', plot_gradient=False, pool_kernel_width=2, pool_type='max', pooling=False, pred_type='gestures', print_counts=False, print_freq=100, reduce_layer=False, reduce_layer_output=8, save_preds=False, seed=3, size_sss=0.6, splits_sss=10, sw_length=24.0, sw_overlap=50.0, sw_unit='units', use_weights=False, valid_type='normal', verbose=False, weight_decay=1e-06, weights_init='xavier_normal')
Loading data...
Processing dataset files ...
Final datasets with size: | train (497014, 113) | val (118750, 113) | test (0, 0) | 
 ..from file data/opportunity_data.csv
 ..reading instances: train (497014, 113), val (118750, 113), test (0, 0)
(41416, 24, 113)
Number of Parameters: 
8262738
EPEPOCH: 1/30 Train Loss: 1.3583 Train Acc: 0.3180 Train Prec: 0.5474 Train Rcll: 0.4844 Train F1: 0.4441 Val Loss: 1.3085 Val Acc: 0.2871 Val Prec: 0.5032 Val Rcll: 0.4584 Val F1: 0.410EPEPOCH: 2/30 Train Loss: 0.8275 Train Acc: 0.5314 Train Prec: 0.7380 Train Rcll: 0.7263 Train F1: 0.6603 Val Loss: 0.8659 Val Acc: 0.5212 Val Prec: 0.7148 Val Rcll: 0.7081 Val F1: 0.638EPEPOCH: 3/30 Train Loss: 0.6742 Train Acc: 0.6764 Train Prec: 0.8269 Train Rcll: 0.7882 Train F1: 0.7927 Val Loss: 0.7254 Val Acc: 0.6453 Val Prec: 0.7994 Val Rcll: 0.7766 Val F1: 0.761EPEPOCH: 4/30 Train Loss: 0.5324 Train Acc: 0.6966 Train Prec: 0.8440 Train Rcll: 0.8017 Train F1: 0.8076 Val Loss: 0.6818 Val Acc: 0.6510 Val Prec: 0.8019 Val Rcll: 0.7814 Val F1: 0.765EPOCH: 5/30 Train Loss: 0.7794 Train Acc: 0.2132 Train Prec: 0.4074 Train Rcll: 0.2651 Train F1: 0.2955 Val Loss: 0.5970 Val Acc: 0.1241 Val Prec: 0.3268 Val Rcll: 0.1741 Val F1: 0.1793
EPOCH: 6/30 Train Loss: 0.6202 Train Acc: 0.2313 Train Prec: 0.5268 Train Rcll: 0.2899 Train F1: 0.3228 Val Loss: 0.5623 Val Acc: 0.1452 Val Prec: 0.3907 Val Rcll: 0.2124 Val F1: 0.2067
EPOCH: 7/30 Train Loss: 0.5400 Train Acc: 0.2514 Train Prec: 0.7118 Train Rcll: 0.3038 Train F1: 0.3467 Val Loss: 0.5421 Val Acc: 0.1713 Val Prec: 0.4236 Val Rcll: 0.2237 Val F1: 0.2466
EPOCH: 8/30 Train Loss: 0.4774 Train Acc: 0.2734 Train Prec: 0.7601 Train Rcll: 0.3316 Train F1: 0.3858 Val Loss: 0.5649 Val Acc: 0.1585 Val Prec: 0.4269 Val Rcll: 0.2155 Val F1: 0.2319
EPOCH: 9/30 Train Loss: 0.4331 Train Acc: 0.3244 Train Prec: 0.8159 Train Rcll: 0.3724 Train F1: 0.4639 Val Loss: 0.5449 Val Acc: 0.1826 Val Prec: 0.4664 Val Rcll: 0.2292 Val F1: 0.2652
EPOCH: 10/30 Train Loss: 0.3966 Train Acc: 0.4155 Train Prec: 0.7310 Train Rcll: 0.4875 Train F1: 0.5589 Val Loss: 0.5098 Val Acc: 0.2158 Val Prec: 0.4657 Val Rcll: 0.2781 Val F1: 0.3098
EPOCH: 11/30 Train Loss: 0.3737 Train Acc: 0.4332 Train Prec: 0.7730 Train Rcll: 0.4949 Train F1: 0.5779 Val Loss: 0.4865 Val Acc: 0.2362 Val Prec: 0.4519 Val Rcll: 0.2986 Val F1: 0.3351
EPOCH: 12/30 Train Loss: 0.3607 Train Acc: 0.4975 Train Prec: 0.8011 Train Rcll: 0.5700 Train F1: 0.6464 Val Loss: 0.4628 Val Acc: 0.2629 Val Prec: 0.5254 Val Rcll: 0.3366 Val F1: 0.3656
EPOCH: 13/30 Train Loss: 0.3331 Train Acc: 0.5241 Train Prec: 0.7862 Train Rcll: 0.6264 Train F1: 0.6749 Val Loss: 0.4861 Val Acc: 0.2733 Val Prec: 0.5176 Val Rcll: 0.3605 Val F1: 0.3877
EPOCH: 14/30 Train Loss: 0.3138 Train Acc: 0.5483 Train Prec: 0.8043 Train Rcll: 0.6339 Train F1: 0.6911 Val Loss: 0.4465 Val Acc: 0.2997 Val Prec: 0.5614 Val Rcll: 0.3786 Val F1: 0.4097
EPOCH: 15/30 Train Loss: 0.2824 Train Acc: 0.5962 Train Prec: 0.8027 Train Rcll: 0.7073 Train F1: 0.7376 Val Loss: 0.4245 Val Acc: 0.3176 Val Prec: 0.5435 Val Rcll: 0.4266 Val F1: 0.4418
EPOCH: 16/30 Train Loss: 0.2573 Train Acc: 0.6081 Train Prec: 0.7977 Train Rcll: 0.7240 Train F1: 0.7506 Val Loss: 0.4282 Val Acc: 0.3121 Val Prec: 0.5380 Val Rcll: 0.4250 Val F1: 0.4314
EPOCH: 17/30 Train Loss: 0.2534 Train Acc: 0.6229 Train Prec: 0.8249 Train Rcll: 0.7171 Train F1: 0.7596 Val Loss: 0.4162 Val Acc: 0.3404 Val Prec: 0.6238 Val Rcll: 0.4248 Val F1: 0.4631
EPEPOCH: 18/30 Train Loss: 0.1797 Train Acc: 0.8958 Train Prec: 0.9469 Train Rcll: 0.9410 Train F1: 0.9437 Val Loss: 0.4752 Val Acc: 0.7928 Val Prec: 0.8907 Val Rcll: 0.8801 Val F1: 0.880EPOCH: 19/30 Train Loss: 0.2374 Train Acc: 0.6712 Train Prec: 0.8448 Train Rcll: 0.7690 Train F1: 0.7992 Val Loss: 0.4269 Val Acc: 0.3315 Val Prec: 0.6057 Val Rcll: 0.4399 Val F1: 0.4691
EPOCH: 20/30 Train Loss: 0.2129 Train Acc: 0.6999 Train Prec: 0.8620 Train Rcll: 0.7916 Train F1: 0.8206 Val Loss: 0.4060 Val Acc: 0.3770 Val Prec: 0.6474 Val Rcll: 0.4739 Val F1: 0.5103
EPOCH: 21/30 Train Loss: 0.2607 Train Acc: 0.6773 Train Prec: 0.8620 Train Rcll: 0.7655 Train F1: 0.8038 Val Loss: 0.4348 Val Acc: 0.3281 Val Prec: 0.5767 Val Rcll: 0.4351 Val F1: 0.4587
EPOCH: 22/30 Train Loss: 0.2186 Train Acc: 0.6976 Train Prec: 0.8737 Train Rcll: 0.7784 Train F1: 0.8186 Val Loss: 0.4148 Val Acc: 0.3597 Val Prec: 0.6175 Val Rcll: 0.4560 Val F1: 0.4904
EPOCH: 23/30 Train Loss: 0.1917 Train Acc: 0.7060 Train Prec: 0.8867 Train Rcll: 0.7805 Train F1: 0.8251 Val Loss: 0.4297 Val Acc: 0.3453 Val Prec: 0.5930 Val Rcll: 0.4434 Val F1: 0.4796
EPOCH: 24/30 Train Loss: 0.1855 Train Acc: 0.7378 Train Prec: 0.8724 Train Rcll: 0.8308 Train F1: 0.8473 Val Loss: 0.4414 Val Acc: 0.3524 Val Prec: 0.5739 Val Rcll: 0.4559 Val F1: 0.4806
EPOCH: 25/30 Train Loss: 0.1911 Train Acc: 0.6853 Train Prec: 0.8355 Train Rcll: 0.7985 Train F1: 0.8093 Val Loss: 0.4501 Val Acc: 0.3217 Val Prec: 0.5514 Val Rcll: 0.4626 Val F1: 0.4584
EPOCH: 26/30 Train Loss: 0.1736 Train Acc: 0.7348 Train Prec: 0.8875 Train Rcll: 0.8144 Train F1: 0.8447 Val Loss: 0.4697 Val Acc: 0.3362 Val Prec: 0.6116 Val Rcll: 0.4381 Val F1: 0.4718
EPOCH: 27/30 Train Loss: 0.1591 Train Acc: 0.7709 Train Prec: 0.8921 Train Rcll: 0.8510 Train F1: 0.8691 Val Loss: 0.4193 Val Acc: 0.3649 Val Prec: 0.6179 Val Rcll: 0.4827 Val F1: 0.5015
EPOCH: 28/30 Train Loss: 0.1473 Train Acc: 0.7652 Train Prec: 0.8810 Train Rcll: 0.8555 Train F1: 0.8656 Val Loss: 0.4733 Val Acc: 0.3526 Val Prec: 0.5487 Val Rcll: 0.4889 Val F1: 0.4913
EPOCH: 29/30 Train Loss: 0.1522 Train Acc: 0.7465 Train Prec: 0.8839 Train Rcll: 0.8289 Train F1: 0.8528 Val Loss: 0.4685 Val Acc: 0.3522 Val Prec: 0.6465 Val Rcll: 0.4381 Val F1: 0.4819
EPOCH: 30/30 Train Loss: 0.1527 Train Acc: 0.7789 Train Prec: 0.8810 Train Rcll: 0.8710 Train F1: 0.8741 Val Loss: 0.4450 Val Acc: 0.3556 Val Prec: 0.5849 Val Rcll: 0.4834 Val F1: 0.4953
VALIDATION RESULTS: 
Avg. Accuracy: 0.3556293717923859
Avg. Precision: 0.5848577112276071
Avg. Recall: 0.48340194741784465
Avg. F1: 0.4953182242406889
VALIDATION RESULTS (PER CLASS): 
Accuracy: [0.89577687 0.31818182 0.41747573 0.42592593 0.57352941 0.32283465
 0.52941176 0.33571429 0.17482517 0.09090909 0.36842105 0.07142857
 0.07142857 0.37634409 0.45192308 0.2038835  0.43442623 0.33888889]
Precision: [0.92761927 0.72413793 0.84313725 0.4893617  0.59541985 0.75925926
 0.78571429 0.54022989 0.27472527 0.15555556 0.58333333 0.2
 0.5        0.57377049 0.52222222 0.84       0.76442308 0.44852941]
Recall: [0.96309336 0.36206897 0.45263158 0.76666667 0.93975904 0.35964912
 0.61875    0.47       0.32467532 0.17948718 0.5        0.1
 0.07692308 0.52238806 0.7704918  0.21212121 0.50157729 0.58095238]
F1: [0.94502353 0.48275862 0.5890411  0.5974026  0.72897196 0.48809524
 0.69230769 0.5026738  0.29761905 0.16666667 0.53846154 0.13333333
 0.13333333 0.546875   0.62251656 0.33870968 0.60571429 0.50622407]
GENERALIZATION GAP ANALYSIS: 
Train-Val-Accuracy Difference: -0.2922374203665992
Train-Val-Accuracy Difference: 0.4233007578837857
Train-Val-Precision Difference: 0.2961358627636045
Train-Val-Recall Difference: 0.3876033755237605
Train-Val-F1 Difference: 0.37880986295297364

Final time elapsed: 00:16:01.28

